


ARM Macro Assembler    Page 1 


    1 00000000         ; Filename:     main.s 
    2 00000000         ; Author:       ece353 staff 
    3 00000000         ; Description:  
    4 00000000         
    5 00000000                 export           __main
    6 00000000         
    7 00000000         ;**********************************************
    8 00000000         ; Add Symbolic Constants here
    9 00000000         ;**********************************************
   10 00000000 00000001 
                       BYTE    EQU              1
   11 00000000 00000002 
                       HALF_WORD
                               EQU              2
   12 00000000 00000004 
                       WORD    EQU              4
   13 00000000         
   14 00000000         ;**********************************************
   15 00000000         ; SRAM
   16 00000000         ;**********************************************
   17 00000000                 AREA             SRAM, READWRITE
   18 00000000         
   19 00000000 00 00 00 
              00 00 00 
              00 00 00 
              00 00 00 
              00 00 00 
              00       ARRAY1  SPACE            8*HALF_WORD
   20 00000010 00 00 00 
              00 00 00 
              00 00 00 
              00 00 00 
              00 00 00 
              00       ARRAY2  SPACE            8*HALF_WORD
   21 00000020         
   22 00000020                 align
   23 00000020         
   24 00000020         ;**********************************************
   25 00000020         ; Constant Variables (FLASH) Segment
   26 00000020         ;**********************************************
   27 00000020                 AREA             FLASH, CODE, READONLY
   28 00000000         
   29 00000000 00 00   LTABLE  DCW              0
   30 00000002 01 00           DCW              1
   31 00000004 08 00           DCW              8
   32 00000006 1B 00           DCW              27
   33 00000008 40 00           DCW              64
   34 0000000A 7D 00           DCW              125
   35 0000000C D8 00           DCW              216
   36 0000000E 57 01           DCW              343
   37 00000010                 align
   38 00000010         ;**********************************************
   39 00000010         ; Code (FLASH) Segment
   40 00000010         ; main assembly program
   41 00000010         ;**********************************************
   42 00000010         __main  PROC
   43 00000010         
   44 00000010         ; Load addresses of arrays
   45 00000010 F2AF 0014       ADR              R0, LTABLE



ARM Macro Assembler    Page 2 


   46 00000014 491A            LDR              R1, =(ARRAY1)
   47 00000016 4A1B            LDR              R2, =(ARRAY2)
   48 00000018         
   49 00000018 F8B0 A00C       LDRH             R10, [R0, #12] ; load LTABLE[6]
                                                             into R10
   50 0000001C         
   51 0000001C         ;Copy the contents of LTABLE into ARRAY1 using pre-index
                       ed load/stores
   52 0000001C         ;LTABLE[0]
   53 0000001C 8803            LDRH             R3, [R0, #0]
   54 0000001E 800B            STRH             R3, [R1, #0]
   55 00000020         ;LTABLE[1]
   56 00000020 8843            LDRH             R3, [R0, #2]
   57 00000022 804B            STRH             R3, [R1, #2]
   58 00000024         ;LTABLE[2]
   59 00000024 8883            LDRH             R3, [R0, #4]
   60 00000026 808B            STRH             R3, [R1, #4]
   61 00000028         ;LTABLE[3]
   62 00000028 88C3            LDRH             R3, [R0, #6]
   63 0000002A 80CB            STRH             R3, [R1, #6]
   64 0000002C         ;LTABLE[4]
   65 0000002C 8903            LDRH             R3, [R0, #8]
   66 0000002E 810B            STRH             R3, [R1, #8]
   67 00000030         ;LTABLE[5]
   68 00000030 8943            LDRH             R3, [R0, #10]
   69 00000032 814B            STRH             R3, [R1, #10]
   70 00000034         ;LTABLE[6]
   71 00000034 8983            LDRH             R3, [R0, #12]
   72 00000036 818B            STRH             R3, [R1, #12]
   73 00000038         ;LTABLE[7]
   74 00000038 89C3            LDRH             R3, [R0, #14]
   75 0000003A 81CB            STRH             R3, [R1, #14]
   76 0000003C         
   77 0000003C         
   78 0000003C         
   79 0000003C         ;Copy the contents of LTABLE into ARRAY1 using post-inde
                       xed load/stores
   80 0000003C         ;LTABLE[0]
   81 0000003C F830 3B02       LDRH             R3, [R0], #2
   82 00000040 F822 3B02       STRH             R3, [R2], #2
   83 00000044         ;LTABLE[1]
   84 00000044 F830 3B02       LDRH             R3, [R0], #2
   85 00000048 F822 3B02       STRH             R3, [R2], #2
   86 0000004C         ;LTABLE[2]
   87 0000004C F830 3B02       LDRH             R3, [R0], #2
   88 00000050 F822 3B02       STRH             R3, [R2], #2
   89 00000054         ;LTABLE[3]
   90 00000054 F830 3B02       LDRH             R3, [R0], #2
   91 00000058 F822 3B02       STRH             R3, [R2], #2
   92 0000005C         ;LTABLE[4]
   93 0000005C F830 3B02       LDRH             R3, [R0], #2
   94 00000060 F822 3B02       STRH             R3, [R2], #2
   95 00000064         ;LTABLE[5]
   96 00000064 F830 3B02       LDRH             R3, [R0], #2
   97 00000068 F822 3B02       STRH             R3, [R2], #2
   98 0000006C         ;LTABLE[6]
   99 0000006C F830 3B02       LDRH             R3, [R0], #2
  100 00000070 F822 3B02       STRH             R3, [R2], #2
  101 00000074         ;LTABLE[7]



ARM Macro Assembler    Page 3 


  102 00000074 F830 3B02       LDRH             R3, [R0], #2
  103 00000078 F822 3B02       STRH             R3, [R2], #2
  104 0000007C         
  105 0000007C         ; DO NOT MODIFY ANTHING BELOW THIS LINE!!! 
  106 0000007C         
  107 0000007C         INFINITE_LOOP
  108 0000007C E7FE            B                INFINITE_LOOP
  109 0000007E         
  110 0000007E                 ENDP
  111 0000007E 00 00           align
  112 00000080         
  113 00000080         
  114 00000080                 END
              00000000 
              00000000 
Command Line: --debug --xref --diag_suppress=9931 --cpu=Cortex-M4.fp --apcs=int
erwork --depend=.\obj\ece353_main.d -o.\obj\ece353_main.o -I.\RTE\_ICE-03-LoadS
tore -IC:\Keil_v5\ARM\PACK\ARM\CMSIS\5.0.1\CMSIS\Include -IC:\Keil_v5\ARM\PACK\
Keil\TM4C_DFP\1.1.0\Device\Include\TM4C123 --predefine="__MICROLIB SETA 1" --pr
edefine="__UVISION_VERSION SETA 524" --predefine="_RTE_ SETA 1" --predefine="TM
4C123GH6PM SETA 1" --list=.\lst\ece353_main.lst ece353_main.s



ARM Macro Assembler    Page 1 Alphabetic symbol ordering
Relocatable symbols

ARRAY1 00000000

Symbol: ARRAY1
   Definitions
      At line 19 in file ece353_main.s
   Uses
      At line 46 in file ece353_main.s
Comment: ARRAY1 used once
ARRAY2 00000010

Symbol: ARRAY2
   Definitions
      At line 20 in file ece353_main.s
   Uses
      At line 47 in file ece353_main.s
Comment: ARRAY2 used once
SRAM 00000000

Symbol: SRAM
   Definitions
      At line 17 in file ece353_main.s
   Uses
      None
Comment: SRAM unused
3 symbols



ARM Macro Assembler    Page 1 Alphabetic symbol ordering
Relocatable symbols

FLASH 00000000

Symbol: FLASH
   Definitions
      At line 27 in file ece353_main.s
   Uses
      None
Comment: FLASH unused
INFINITE_LOOP 0000007C

Symbol: INFINITE_LOOP
   Definitions
      At line 107 in file ece353_main.s
   Uses
      At line 108 in file ece353_main.s
Comment: INFINITE_LOOP used once
LTABLE 00000000

Symbol: LTABLE
   Definitions
      At line 29 in file ece353_main.s
   Uses
      At line 45 in file ece353_main.s
Comment: LTABLE used once
__main 00000010

Symbol: __main
   Definitions
      At line 42 in file ece353_main.s
   Uses
      At line 5 in file ece353_main.s
Comment: __main used once
4 symbols



ARM Macro Assembler    Page 1 Alphabetic symbol ordering
Absolute symbols

BYTE 00000001

Symbol: BYTE
   Definitions
      At line 10 in file ece353_main.s
   Uses
      None
Comment: BYTE unused
HALF_WORD 00000002

Symbol: HALF_WORD
   Definitions
      At line 11 in file ece353_main.s
   Uses
      At line 19 in file ece353_main.s
      At line 20 in file ece353_main.s

WORD 00000004

Symbol: WORD
   Definitions
      At line 12 in file ece353_main.s
   Uses
      None
Comment: WORD unused
3 symbols
347 symbols in table
